INFO:root:%%%% HASHDEEP-1.0
%%%% size,sha256,filename
##
## $ hashdeep.py
##
INFO:root:179,69fa5d275b34d4449052ba10863b5483acc9af7043627ff1a7207226f8cff99a,copy_sys_calls.py
INFO:root:63,bf17bab0a2cfc1160fe1aaef3419649e5d43004e5c8c80244f511631aa8fe814,create_hdf5.py
INFO:root:267,2e4f2a49cd773a718cba3e10014c2ca3717ce3dee5bcd13c1307b15d1e295002,example.log
INFO:root:1972,a90a8c5bad7b31bd4adff4f2114dd9c34b7284d37c42b17baacd352cf742a47c,hashdeep.py
INFO:root:19,f777dd4b24457c77d42aeabc7ec0f69bc9d2c9778c0890183c01ff2b9ff68313,justtest
INFO:root:884,97f83af3f177a5dc24e9dd1ca92dcf54642441a12c4938ab77a5501b064904b6,README.md
INFO:root:0,e3b0c44298fc1c149afbf4c8996fb92427ae41e4649b934ca495991b7852b855,results_file.md5
INFO:root:24,f6d6cf3447f822a89f5f45335ac3fa924fd615c28e83e18ef95a16b1803c04a1,.git/COMMIT_EDITMSG
INFO:root:311,7b91e71c237eaee9946ab8c3372f7717c48bd34b277c0971959487d04c6c67f6,.git/config
INFO:root:73,85ab6c163d43a17ea9cf7788308bca1466f1b0a8d1cc92e26e9bf63da4062aee,.git/description
INFO:root:99,8e7d4a953e706d14308cb25df969fdd5ed1af3746167bdb300212bee97c49770,.git/FETCH_HEAD
INFO:root:23,f6f2b945f6c411b02ba3da9c7ace88dcf71b6af65ba2e0d89aa82900042b5a10,.git/HEAD
INFO:root:369,ebec9caa738be3152ea1a0555e11ae132a22e189077ccab3c858eee529ce1403,.git/index
INFO:root:41,2aadca6d7fb6fad16217404c2871e628621e30ba7529e0e30a1b2f0107545e1d,.git/ORIG_HEAD
INFO:root:107,55a79d1eda26d8c7ce26f6fb1cbf83080d4f187537dc3c12c36941a929a503a3,.git/packed-refs
INFO:root:478,0223497a0b8b033aa58a3a521b8629869386cf7ab0e2f101963d328aa62193f7,.git/hooks/applypatch-msg.sample
INFO:root:896,1f74d5e9292979b573ebd59741d46cb93ff391acdd083d340b94370753d92437,.git/hooks/commit-msg.sample
INFO:root:189,81765af2daef323061dcbc5e61fc16481cb74b3bac9ad8a174b186523586f6c5,.git/hooks/post-update.sample
INFO:root:424,e15c5b469ea3e0a695bea6f2c82bcf8e62821074939ddd85b77e0007ff165475,.git/hooks/pre-applypatch.sample
INFO:root:1642,12c723235131f1c5576c652ac2a0a007f261a93c0ddc445b1dcee6cd98e30788,.git/hooks/pre-commit.sample
INFO:root:1348,4b1119e1e13a212571976f4aee77847cdbd40978546d6273a557e238981a40d1,.git/hooks/pre-push.sample
INFO:root:4898,14b57168a2e847946ee1291e617cf6a0d8598387ba404565f1b18cc4c7f15651,.git/hooks/pre-rebase.sample
INFO:root:544,a4c3d2b9c7bb3fd8d1441c31bd4ee71a595d66b44fcf49ddb310252320169989,.git/hooks/pre-receive.sample
INFO:root:1239,f7e5627b5a26d0026ef50352f7393350ee58cc101f5e8337f944b57a5039968c,.git/hooks/prepare-commit-msg.sample
INFO:root:3610,751c037320024ec2ee2757f3ffae0b10ad2c946367684e7059d4dc97eac7e431,.git/hooks/update.sample
INFO:root:240,6671fe83b7a07c8932ee89164d1f2793b2318058eb8b98dc5c06ee0a5a3b0ec1,.git/info/exclude
INFO:root:926,2b0689b158557175f103cf0a0bb587870493eb01e1cc5ba8d3665be4025ff371,.git/logs/HEAD
INFO:root:926,2b0689b158557175f103cf0a0bb587870493eb01e1cc5ba8d3665be4025ff371,.git/logs/refs/heads/master
INFO:root:206,2af327ba14fbe28d7ec1dfa1803d13fdae1cfa083af1d934452dff0f9660dce9,.git/logs/refs/remotes/origin/HEAD
INFO:root:672,b0aa76d9672f2bc31cc64052acb43d8f0dca8237e84404b42d9525969296061d,.git/logs/refs/remotes/origin/master
INFO:root:553,b246d0f201296cd2a159690124910aae192c3f42cd41cc30527ea9460c27121a,.git/objects/00/e1a28d7d8ee9a695a15e9603fb070b29c7eaa6
INFO:root:131,df30f004f96b46e03ac35eb08b7caa41b6a72c0e64476947d00f868473ea4506,.git/objects/10/471bcfa077625f9fe67198925334c25e4d09f1
INFO:root:463,18df340f1f1107f9ddb230fd84ded143e7ba2dfe8c75823229590456c426f4b1,.git/objects/14/c120c71ff813d627e2f900ee8c127d0f837531
INFO:root:70,1f410ddd429422cbd70dbd83de0a128b189f92fd1290c6c5aea6cbee738b084f,.git/objects/19/b894169c29f4b7372e71d4b31b429939247bd7
INFO:root:26,1b944e79c10b57e23c041bac304ddc1b57f42a2cae1111a457f289ff0cf7065c,.git/objects/2b/54c037c2aa11d26b81c649a8f308f2017b3694
INFO:root:182,d0b164b28b2a61c3e89629ccbaac38f1449fdd4fbfad0bae9eecf94796897257,.git/objects/2e/149b69ff9b5b702bbbc9d604ae05bb51a5f536
INFO:root:162,8945bbc736f291d93397ddcd9ec67ab3c64f581a716426a099af472b0c958c88,.git/objects/3b/a5681db3179fc2bd45afcb46ab606002fb43ee
INFO:root:95,7323fb0e0eb64df9f29a6fc99a31229aedb0a1754c6923031bc0a964af3483d8,.git/objects/5d/fa6d0ab5b81f325624ffd2af947c554785e260
INFO:root:35,d75079aea4d73f3ee188f591fb6717b9bce07da2ceff7402b2f352027aa1025c,.git/objects/67/454d153c6d2f7475eb4a0a4694c1864f036efb
INFO:root:142,ab7f9d4242ff9c6dfc5081f5a1968924a0de349b89ad388df5c676f3e6dacb87,.git/objects/a2/531260bcd30534ca7220d99ccc80969ac73974
INFO:root:54,b64d966b79018a90f467cbb3baef4da33238bd4717ab7b88bdf8d53d5323b145,.git/objects/ab/2357a4afd893582ee0f4be48de8be932296187
INFO:root:522,8bf7028d8da934d6c0b6e059e68cf1114ab819a6db9c5d433ecb1e474f31773a,.git/objects/ad/6c02daa0bc75cdb4aabbf28a820110d0e23615
INFO:root:188,5adb38144443dabd184ce49ed146f3eb6b1325ccfa1c862d2bb53965f77295a8,.git/objects/be/43d4d92f9dea0639caa9b72c4b37932a7336f8
INFO:root:163,7b248198fa416fa509a47bfc5dec17d25b597e721442038109e87215d00ca9a7,.git/objects/cb/02137c1bfa4d271d70d83fd8ca4f9a49457a34
INFO:root:186,6025e2db16cdb7382eb51ce1565346dfefd615735cb5e9c105e670e0e2edbc94,.git/objects/ee/b1bd13f4763899b49563686ac093b522adea5a
INFO:root:41,5ae88cabaef6498d96f340e6eea67d9108237dd08ea19dace7bf2fc5bac134fc,.git/refs/heads/master
INFO:root:32,cdc65e67690c4c6475174e5ec662b70655246a2f3924354778835ab3be70aa76,.git/refs/remotes/origin/HEAD
INFO:root:41,5ae88cabaef6498d96f340e6eea67d9108237dd08ea19dace7bf2fc5bac134fc,.git/refs/remotes/origin/master
